# JRE version: OpenJDK Runtime Environment Temurin-21.0.10+7 (21.0.10+7) (build 21.0.10+7-LTS)
# Java VM: OpenJDK 64-Bit Server VM Temurin-21.0.10+7 (21.0.10+7-LTS, mixed mode, sharing, tiered, compressed oops, compressed class ptrs, g1 gc, windows-amd64)
GC Precious Log:
 CardTable entry size: 512
 Card Set container configuration: InlinePtr #cards 4 size 8 Array Of Cards #cards 16 size 48 Howl #buckets 8 coarsen threshold 3686 Howl Bitmap #cards 512 size 80 coarsen threshold 460 Card regions per heap region 1 cards per card region 4096
 CPUs: 12 total, 12 available
 Memory: 16116M
 Large Page Support: Disabled
 NUMA Support: Disabled
 Compressed Oops: Enabled (Zero based)
 Heap Region Size: 2M
 Heap Min Capacity: 8M
 Heap Initial Capacity: 252M
 Heap Max Capacity: 4030M
 Pre-touch: Disabled
 Parallel Workers: 10
 Concurrent Workers: 3
 Concurrent Refinement Workers: 10
 Periodic GC: Disabled
Heap:
 garbage-first heap   total 184320K, used 114549K [0x0000000704200000, 0x0000000800000000)
  region size 2048K, 6 young (12288K), 4 survivors (8192K)
 Metaspace       used 112352K, committed 113280K, reserved 1179648K
  class space    used 13246K, committed 13696K, reserved 1048576K
GC Heap History (20 events):
Event: 1555.193 GC heap before
{Heap before GC invocations=126 (full 1):
 garbage-first heap   total 172032K, used 157203K [0x0000000704200000, 0x0000000800000000)
  region size 2048K, 35 young (71680K), 1 survivors (2048K)
 Metaspace       used 105590K, committed 106432K, reserved 1179648K
  class space    used 12634K, committed 12992K, reserved 1048576K
}
Event: 1555.195 GC heap after
{Heap after GC invocations=127 (full 1):
 garbage-first heap   total 172032K, used 93586K [0x0000000704200000, 0x0000000800000000)
  region size 2048K, 3 young (6144K), 3 survivors (6144K)
 Metaspace       used 105590K, committed 106432K, reserved 1179648K
  class space    used 12634K, committed 12992K, reserved 1048576K
}
Event: 1557.643 GC heap before
{Heap before GC invocations=127 (full 1):
 garbage-first heap   total 172032K, used 157074K [0x0000000704200000, 0x0000000800000000)
  region size 2048K, 35 young (71680K), 3 survivors (6144K)
 Metaspace       used 106157K, committed 107008K, reserved 1179648K
  class space    used 12718K, committed 13120K, reserved 1048576K
}
Event: 1557.659 GC heap after
{Heap after GC invocations=128 (full 1):
 garbage-first heap   total 172032K, used 96430K [0x0000000704200000, 0x0000000800000000)
  region size 2048K, 5 young (10240K), 5 survivors (10240K)
 Metaspace       used 106157K, committed 107008K, reserved 1179648K
  class space    used 12718K, committed 13120K, reserved 1048576K
}
Event: 1559.722 GC heap before
{Heap before GC invocations=128 (full 1):
 garbage-first heap   total 172032K, used 157870K [0x0000000704200000, 0x0000000800000000)
  region size 2048K, 36 young (73728K), 5 survivors (10240K)
 Metaspace       used 106183K, committed 107072K, reserved 1179648K
  class space    used 12721K, committed 13120K, reserved 1048576K
}
Event: 1559.726 GC heap after
{Heap after GC invocations=129 (full 1):
 garbage-first heap   total 172032K, used 97349K [0x0000000704200000, 0x0000000800000000)
  region size 2048K, 2 young (4096K), 2 survivors (4096K)
 Metaspace       used 106183K, committed 107072K, reserved 1179648K
  class space    used 12721K, committed 13120K, reserved 1048576K
}
Event: 1561.197 GC heap before
{Heap before GC invocations=130 (full 1):
 garbage-first heap   total 172032K, used 158789K [0x0000000704200000, 0x0000000800000000)
  region size 2048K, 33 young (67584K), 2 survivors (4096K)
 Metaspace       used 106732K, committed 107648K, reserved 1179648K
  class space    used 12802K, committed 13248K, reserved 1048576K
}
Event: 1561.200 GC heap after
{Heap after GC invocations=131 (full 1):
 garbage-first heap   total 172032K, used 101693K [0x0000000704200000, 0x0000000800000000)
  region size 2048K, 4 young (8192K), 4 survivors (8192K)
 Metaspace       used 106732K, committed 107648K, reserved 1179648K
  class space    used 12802K, committed 13248K, reserved 1048576K
}
Event: 1561.829 GC heap before
{Heap before GC invocations=131 (full 1):
 garbage-first heap   total 172032K, used 159037K [0x0000000704200000, 0x0000000800000000)
  region size 2048K, 32 young (65536K), 4 survivors (8192K)
 Metaspace       used 106985K, committed 107904K, reserved 1179648K
  class space    used 12835K, committed 13248K, reserved 1048576K
}
Event: 1561.836 GC heap after
{Heap after GC invocations=132 (full 1):
 garbage-first heap   total 172032K, used 103751K [0x0000000704200000, 0x0000000800000000)
  region size 2048K, 2 young (4096K), 2 survivors (4096K)
 Metaspace       used 106985K, committed 107904K, reserved 1179648K
  class space    used 12835K, committed 13248K, reserved 1048576K
}
Event: 1562.228 GC heap before
{Heap before GC invocations=132 (full 1):
 garbage-first heap   total 172032K, used 159047K [0x0000000704200000, 0x0000000800000000)
  region size 2048K, 29 young (59392K), 2 survivors (4096K)
 Metaspace       used 107944K, committed 108864K, reserved 1179648K
  class space    used 12873K, committed 13312K, reserved 1048576K
}
Event: 1562.230 GC heap after
{Heap after GC invocations=133 (full 1):
 garbage-first heap   total 172032K, used 105054K [0x0000000704200000, 0x0000000800000000)
  region size 2048K, 3 young (6144K), 3 survivors (6144K)
 Metaspace       used 107944K, committed 108864K, reserved 1179648K
  class space    used 12873K, committed 13312K, reserved 1048576K
}
Event: 1562.715 GC heap before
{Heap before GC invocations=134 (full 1):
 garbage-first heap   total 178176K, used 160350K [0x0000000704200000, 0x0000000800000000)
  region size 2048K, 30 young (61440K), 3 survivors (6144K)
 Metaspace       used 108210K, committed 109056K, reserved 1179648K
  class space    used 12902K, committed 13312K, reserved 1048576K
}
Event: 1562.718 GC heap after
{Heap after GC invocations=135 (full 1):
 garbage-first heap   total 178176K, used 108693K [0x0000000704200000, 0x0000000800000000)
  region size 2048K, 3 young (6144K), 3 survivors (6144K)
 Metaspace       used 108210K, committed 109056K, reserved 1179648K
  class space    used 12902K, committed 13312K, reserved 1048576K
}
Event: 1562.870 GC heap before
{Heap before GC invocations=135 (full 1):
 garbage-first heap   total 178176K, used 166037K [0x0000000704200000, 0x0000000800000000)
  region size 2048K, 31 young (63488K), 3 survivors (6144K)
 Metaspace       used 108228K, committed 109120K, reserved 1179648K
  class space    used 12903K, committed 13312K, reserved 1048576K
}
Event: 1562.873 GC heap after
{Heap after GC invocations=136 (full 1):
 garbage-first heap   total 178176K, used 107860K [0x0000000704200000, 0x0000000800000000)
  region size 2048K, 3 young (6144K), 3 survivors (6144K)
 Metaspace       used 108228K, committed 109120K, reserved 1179648K
  class space    used 12903K, committed 13312K, reserved 1048576K
}
Event: 1562.970 GC heap before
{Heap before GC invocations=136 (full 1):
 garbage-first heap   total 178176K, used 163156K [0x0000000704200000, 0x0000000800000000)
  region size 2048K, 31 young (63488K), 3 survivors (6144K)
 Metaspace       used 108243K, committed 109120K, reserved 1179648K
  class space    used 12903K, committed 13312K, reserved 1048576K
}
Event: 1562.971 GC heap after
{Heap after GC invocations=137 (full 1):
 garbage-first heap   total 178176K, used 107890K [0x0000000704200000, 0x0000000800000000)
  region size 2048K, 3 young (6144K), 3 survivors (6144K)
 Metaspace       used 108243K, committed 109120K, reserved 1179648K
  class space    used 12903K, committed 13312K, reserved 1048576K
}
Event: 1563.557 GC heap before
{Heap before GC invocations=138 (full 1):
 garbage-first heap   total 184320K, used 163186K [0x0000000704200000, 0x0000000800000000)
  region size 2048K, 31 young (63488K), 3 survivors (6144K)
 Metaspace       used 111155K, committed 112128K, reserved 1179648K
  class space    used 13176K, committed 13632K, reserved 1048576K
}
Event: 1563.561 GC heap after
{Heap after GC invocations=139 (full 1):
 garbage-first heap   total 184320K, used 110768K [0x0000000704200000, 0x0000000800000000)
  region size 2048K, 3 young (6144K), 3 survivors (6144K)
 Metaspace       used 111155K, committed 112128K, reserved 1179648K
  class space    used 13176K, committed 13632K, reserved 1048576K
}

